<?xml version="1.0" encoding="UTF-8"?>
<!-- Generated by org.testng.reporters.JUnitReportReporter -->
<testsuite hostname="LAPTOP-A38V3DO6" failures="0" tests="4" name="runner.TestRunner" time="23.725" errors="0" timestamp="2023-08-24T21:14:10 IST" skipped="0">
  <testcase classname="runner.TestRunner" name="runScenario" time="3.679"/>
  <system-out/>
  <testcase classname="runner.TestRunner" name="runScenario" time="12.064"/>
  <system-out/>
  <testcase classname="runner.TestRunner" name="runScenario" time="3.594"/>
  <system-out/>
  <testcase classname="runner.TestRunner" name="runScenario" time="4.388"/>
  <system-out/>
</testsuite> <!-- runner.TestRunner -->
